> Task :gradle-plugin:settings-plugin:checkKotlinGradlePluginConfigurationErrors SKIPPED
> Task :gradle-plugin:shared:checkKotlinGradlePluginConfigurationErrors SKIPPED
> Task :gradle-plugin:shared:compileKotlin UP-TO-DATE
> Task :gradle-plugin:shared:compileJava NO-SOURCE
> Task :gradle-plugin:shared:processResources NO-SOURCE
> Task :gradle-plugin:shared:classes UP-TO-DATE
> Task :gradle-plugin:shared:jar UP-TO-DATE
> Task :gradle-plugin:settings-plugin:compileKotlin UP-TO-DATE
> Task :gradle-plugin:settings-plugin:compileJava NO-SOURCE
> Task :gradle-plugin:settings-plugin:pluginDescriptors UP-TO-DATE
> Task :gradle-plugin:settings-plugin:processResources UP-TO-DATE
> Task :gradle-plugin:settings-plugin:classes UP-TO-DATE
> Task :gradle-plugin:settings-plugin:jar UP-TO-DATE
> Task :gradle-plugin:react-native-gradle-plugin:checkKotlinGradlePluginConfigurationErrors SKIPPED
> Task :gradle-plugin:react-native-gradle-plugin:compileKotlin UP-TO-DATE
> Task :gradle-plugin:react-native-gradle-plugin:compileJava NO-SOURCE
> Task :gradle-plugin:react-native-gradle-plugin:pluginDescriptors UP-TO-DATE
> Task :gradle-plugin:react-native-gradle-plugin:processResources UP-TO-DATE
> Task :gradle-plugin:react-native-gradle-plugin:classes UP-TO-DATE
> Task :gradle-plugin:react-native-gradle-plugin:jar UP-TO-DATE
> Task :app:generateAutolinkingNewArchitectureFiles UP-TO-DATE
> Task :app:generateAutolinkingPackageList UP-TO-DATE
> Task :app:generateCodegenSchemaFromJavaScript SKIPPED
> Task :app:generateCodegenArtifactsFromSchema SKIPPED
> Task :app:generateReactNativeEntryPoint UP-TO-DATE
> Task :react-native-safe-area-context:generateCodegenSchemaFromJavaScript UP-TO-DATE
> Task :react-native-safe-area-context:generateCodegenArtifactsFromSchema UP-TO-DATE
> Task :react-native-safe-area-context:preBuild UP-TO-DATE
> Task :react-native-screens:generateCodegenSchemaFromJavaScript UP-TO-DATE
> Task :react-native-screens:generateCodegenArtifactsFromSchema UP-TO-DATE
> Task :react-native-screens:preBuild UP-TO-DATE
> Task :app:preBuild UP-TO-DATE
> Task :app:preReleaseBuild UP-TO-DATE
> Task :app:configureCMakeRelWithDebInfo[arm64-v8a]
> Task :app:buildCMakeRelWithDebInfo[arm64-v8a]
> Task :app:configureCMakeRelWithDebInfo[armeabi-v7a]
> Task :app:buildCMakeRelWithDebInfo[armeabi-v7a]
> Task :app:configureCMakeRelWithDebInfo[x86]
> Task :app:buildCMakeRelWithDebInfo[x86]
> Task :app:configureCMakeRelWithDebInfo[x86_64]
> Task :app:buildCMakeRelWithDebInfo[x86_64]
> Task :app:mergeReleaseJniLibFolders
> Task :react-native-safe-area-context:preReleaseBuild UP-TO-DATE
> Task :react-native-safe-area-context:mergeReleaseJniLibFolders UP-TO-DATE
> Task :react-native-safe-area-context:mergeReleaseNativeLibs NO-SOURCE
> Task :react-native-safe-area-context:copyReleaseJniLibsProjectOnly UP-TO-DATE
> Task :react-native-screens:preReleaseBuild UP-TO-DATE
> Task :react-native-screens:configureCMakeRelWithDebInfo[arm64-v8a]
> Task :react-native-screens:buildCMakeRelWithDebInfo[arm64-v8a]
> Task :react-native-screens:configureCMakeRelWithDebInfo[armeabi-v7a]
> Task :react-native-screens:buildCMakeRelWithDebInfo[armeabi-v7a]
> Task :react-native-screens:configureCMakeRelWithDebInfo[x86]
> Task :react-native-screens:buildCMakeRelWithDebInfo[x86]
> Task :react-native-screens:configureCMakeRelWithDebInfo[x86_64]
> Task :react-native-screens:buildCMakeRelWithDebInfo[x86_64]
> Task :react-native-screens:mergeReleaseJniLibFolders UP-TO-DATE
> Task :react-native-screens:mergeReleaseNativeLibs UP-TO-DATE
> Task :react-native-screens:copyReleaseJniLibsProjectOnly UP-TO-DATE
> Task :react-native-safe-area-context:checkKotlinGradlePluginConfigurationErrors SKIPPED
> Task :react-native-safe-area-context:generateReleaseBuildConfig UP-TO-DATE
> Task :react-native-safe-area-context:generateReleaseResValues UP-TO-DATE
> Task :react-native-safe-area-context:generateReleaseResources UP-TO-DATE
> Task :react-native-safe-area-context:packageReleaseResources UP-TO-DATE
> Task :react-native-safe-area-context:parseReleaseLocalResources UP-TO-DATE
> Task :react-native-safe-area-context:generateReleaseRFile UP-TO-DATE
> Task :react-native-safe-area-context:compileReleaseKotlin UP-TO-DATE
> Task :react-native-safe-area-context:javaPreCompileRelease UP-TO-DATE
> Task :react-native-safe-area-context:compileReleaseJavaWithJavac UP-TO-DATE
> Task :react-native-safe-area-context:bundleLibRuntimeToDirRelease UP-TO-DATE
> Task :react-native-screens:checkKotlinGradlePluginConfigurationErrors SKIPPED
> Task :react-native-screens:generateReleaseBuildConfig UP-TO-DATE
> Task :react-native-screens:generateReleaseResValues UP-TO-DATE
> Task :react-native-screens:generateReleaseResources UP-TO-DATE
> Task :react-native-screens:packageReleaseResources UP-TO-DATE
> Task :react-native-screens:parseReleaseLocalResources UP-TO-DATE
> Task :react-native-screens:generateReleaseRFile UP-TO-DATE
> Task :react-native-screens:compileReleaseKotlin UP-TO-DATE
> Task :react-native-screens:javaPreCompileRelease UP-TO-DATE
> Task :react-native-screens:compileReleaseJavaWithJavac UP-TO-DATE
> Task :react-native-screens:bundleLibRuntimeToDirRelease UP-TO-DATE
> Task :app:checkReleaseDuplicateClasses UP-TO-DATE
> Task :app:buildKotlinToolingMetadata UP-TO-DATE
> Task :app:checkKotlinGradlePluginConfigurationErrors SKIPPED
> Task :app:generateReleaseBuildConfig UP-TO-DATE
> Task :react-native-safe-area-context:writeReleaseAarMetadata UP-TO-DATE
> Task :react-native-screens:writeReleaseAarMetadata UP-TO-DATE
> Task :app:checkReleaseAarMetadata UP-TO-DATE
> Task :app:mergeReleaseNativeLibs

> Task :app:createBundleReleaseJsAndAssets

                        ‚Ėí‚Ėí‚Ėď‚Ėď‚Ėď‚Ėď‚Ėí‚Ėí
                     ‚Ėí‚Ėď‚Ėď‚Ėď‚Ėí‚Ėí‚ĖĎ‚ĖĎ‚Ėí‚Ėí‚Ėď‚Ėď‚Ėď‚Ėí
                  ‚Ėí‚Ėď‚Ėď‚Ėď‚Ėď‚ĖĎ‚ĖĎ‚ĖĎ‚Ėí‚Ėí‚Ėí‚Ėí‚ĖĎ‚ĖĎ‚ĖĎ‚Ėď‚Ėď‚Ėď‚Ėď‚Ėí
                 ‚Ėď‚Ėď‚Ėí‚Ėí‚Ėí‚Ėď‚Ėď‚Ėď‚Ėď‚Ėď‚Ėď‚Ėď‚Ėď‚Ėď‚Ėď‚Ėď‚Ėď‚Ėí‚Ėí‚Ėí‚Ėď‚Ėď
                 ‚Ėď‚Ėď‚ĖĎ‚ĖĎ‚ĖĎ‚ĖĎ‚ĖĎ‚Ėí‚Ėď‚Ėď‚Ėď‚Ėď‚Ėď‚Ėď‚Ėí‚ĖĎ‚ĖĎ‚ĖĎ‚ĖĎ‚ĖĎ‚Ėď‚Ėď
                 ‚Ėď‚Ėď‚ĖĎ‚ĖĎ‚Ėď‚Ėď‚Ėí‚ĖĎ‚ĖĎ‚ĖĎ‚Ėí‚Ėí‚ĖĎ‚ĖĎ‚ĖĎ‚Ėí‚Ėď‚Ėí‚ĖĎ‚ĖĎ‚Ėď‚Ėď
                 ‚Ėď‚Ėď‚ĖĎ‚ĖĎ‚Ėď‚Ėď‚Ėď‚Ėď‚Ėď‚Ėí‚Ėí‚Ėí‚Ėí‚Ėď‚Ėď‚Ėď‚Ėď‚Ėí‚ĖĎ‚ĖĎ‚Ėď‚Ėď
                 ‚Ėď‚Ėď‚ĖĎ‚ĖĎ‚Ėď‚Ėď‚Ėď‚Ėď‚Ėď‚Ėď‚Ėď‚Ėď‚Ėď‚Ėď‚Ėď‚Ėď‚Ėď‚Ėí‚ĖĎ‚ĖĎ‚Ėď‚Ėď
                 ‚Ėď‚Ėď‚Ėí‚ĖĎ‚ĖĎ‚Ėí‚Ėí‚Ėď‚Ėď‚Ėď‚Ėď‚Ėď‚Ėď‚Ėď‚Ėď‚Ėí‚ĖĎ‚ĖĎ‚ĖĎ‚Ėí‚Ėď‚Ėď
                  ‚Ėí‚Ėď‚Ėď‚Ėď‚Ėí‚ĖĎ‚ĖĎ‚ĖĎ‚Ėí‚Ėď‚Ėď‚Ėí‚ĖĎ‚ĖĎ‚ĖĎ‚Ėí‚Ėď‚Ėď‚Ėď‚Ėí
                     ‚Ėí‚Ėď‚Ėď‚Ėď‚Ėí‚ĖĎ‚ĖĎ‚ĖĎ‚ĖĎ‚Ėí‚Ėď‚Ėď‚Ėď‚Ėí
                        ‚Ėí‚Ėí‚Ėď‚Ėď‚Ėď‚Ėď‚Ėí‚Ėí


 WARN  the transform cache was reset.
                Welcome to Metro v0.84.4
              Fast - Scalable - Integrated


LOG:Writing bundle output to: /home/alisher/projects/logos-chat-android/android/app/build/generated/assets/react/release/index.android.bundle
LOG:Writing sourcemap output to: /home/alisher/projects/logos-chat-android/android/app/build/intermediates/sourcemaps/react/release/index.android.bundle.packager.map
LOG:Done writing bundle output
LOG:Done writing sourcemap output
Copying 19 asset files
Done copying assets

> Task :app:generateReleaseResValues UP-TO-DATE
> Task :app:mapReleaseSourceSetPaths UP-TO-DATE
> Task :app:generateReleaseResources UP-TO-DATE
> Task :app:mergeReleaseResources UP-TO-DATE
> Task :app:packageReleaseResources UP-TO-DATE
> Task :app:parseReleaseLocalResources UP-TO-DATE
> Task :app:createReleaseCompatibleScreenManifests UP-TO-DATE
> Task :app:extractDeepLinksRelease UP-TO-DATE
> Task :react-native-safe-area-context:extractDeepLinksRelease UP-TO-DATE
> Task :react-native-safe-area-context:processReleaseManifest UP-TO-DATE
> Task :react-native-screens:extractDeepLinksRelease UP-TO-DATE
> Task :react-native-screens:processReleaseManifest UP-TO-DATE
> Task :app:processReleaseMainManifest UP-TO-DATE
> Task :app:processReleaseManifest UP-TO-DATE
> Task :app:processReleaseManifestForPackage UP-TO-DATE
> Task :react-native-safe-area-context:compileReleaseLibraryResources UP-TO-DATE
> Task :react-native-screens:compileReleaseLibraryResources UP-TO-DATE
> Task :app:processReleaseResources UP-TO-DATE
> Task :react-native-safe-area-context:bundleLibCompileToJarRelease UP-TO-DATE
> Task :react-native-screens:bundleLibCompileToJarRelease UP-TO-DATE
> Task :app:javaPreCompileRelease UP-TO-DATE
> Task :app:desugarReleaseFileDependencies UP-TO-DATE
> Task :app:mergeReleaseStartupProfile UP-TO-DATE
> Task :app:mergeExtDexRelease UP-TO-DATE
> Task :react-native-safe-area-context:prepareReleaseArtProfile UP-TO-DATE
> Task :react-native-screens:prepareReleaseArtProfile UP-TO-DATE
> Task :app:mergeReleaseArtProfile UP-TO-DATE
> Task :react-native-safe-area-context:bundleLibRuntimeToJarRelease UP-TO-DATE
> Task :react-native-screens:bundleLibRuntimeToJarRelease UP-TO-DATE
> Task :app:mergeReleaseShaders UP-TO-DATE
> Task :app:compileReleaseShaders NO-SOURCE
> Task :app:generateReleaseAssets UP-TO-DATE
> Task :react-native-safe-area-context:mergeReleaseShaders UP-TO-DATE
> Task :react-native-safe-area-context:compileReleaseShaders NO-SOURCE
> Task :react-native-safe-area-context:generateReleaseAssets UP-TO-DATE
> Task :react-native-safe-area-context:mergeReleaseAssets UP-TO-DATE
> Task :react-native-screens:mergeReleaseShaders UP-TO-DATE
> Task :react-native-screens:compileReleaseShaders NO-SOURCE
> Task :react-native-screens:generateReleaseAssets UP-TO-DATE
> Task :react-native-screens:mergeReleaseAssets UP-TO-DATE
> Task :app:mergeReleaseAssets UP-TO-DATE
> Task :app:compressReleaseAssets UP-TO-DATE
> Task :app:extractReleaseVersionControlInfo UP-TO-DATE
> Task :app:extractProguardFiles UP-TO-DATE
> Task :react-native-safe-area-context:processReleaseJavaRes UP-TO-DATE
> Task :react-native-safe-area-context:createFullJarRelease UP-TO-DATE
> Task :react-native-safe-area-context:extractProguardFiles UP-TO-DATE
> Task :react-native-safe-area-context:generateReleaseLintModel UP-TO-DATE
> Task :react-native-safe-area-context:prepareLintJarForPublish UP-TO-DATE
> Task :react-native-screens:processReleaseJavaRes UP-TO-DATE
> Task :app:stripReleaseDebugSymbols
> Task :react-native-screens:createFullJarRelease UP-TO-DATE
> Task :react-native-screens:extractProguardFiles UP-TO-DATE
> Task :react-native-screens:generateReleaseLintModel UP-TO-DATE
> Task :react-native-screens:prepareLintJarForPublish UP-TO-DATE
> Task :react-native-safe-area-context:stripReleaseDebugSymbols NO-SOURCE
> Task :react-native-safe-area-context:copyReleaseJniLibsProjectAndLocalJars UP-TO-DATE
> Task :react-native-safe-area-context:extractDeepLinksForAarRelease UP-TO-DATE
> Task :react-native-safe-area-context:extractReleaseAnnotations UP-TO-DATE
> Task :react-native-safe-area-context:mergeReleaseGeneratedProguardFiles UP-TO-DATE
> Task :react-native-safe-area-context:mergeReleaseConsumerProguardFiles UP-TO-DATE
> Task :react-native-safe-area-context:mergeReleaseJavaResource UP-TO-DATE
> Task :react-native-safe-area-context:syncReleaseLibJars UP-TO-DATE
> Task :react-native-safe-area-context:bundleReleaseLocalLintAar UP-TO-DATE
> Task :react-native-screens:stripReleaseDebugSymbols UP-TO-DATE
> Task :react-native-screens:copyReleaseJniLibsProjectAndLocalJars UP-TO-DATE
> Task :react-native-screens:extractDeepLinksForAarRelease UP-TO-DATE
> Task :react-native-screens:extractReleaseAnnotations UP-TO-DATE
> Task :react-native-screens:mergeReleaseGeneratedProguardFiles UP-TO-DATE
> Task :react-native-screens:mergeReleaseConsumerProguardFiles UP-TO-DATE
> Task :react-native-screens:mergeReleaseJavaResource UP-TO-DATE
> Task :react-native-screens:syncReleaseLibJars UP-TO-DATE
> Task :react-native-screens:bundleReleaseLocalLintAar UP-TO-DATE
> Task :react-native-safe-area-context:lintVitalAnalyzeRelease UP-TO-DATE
> Task :react-native-safe-area-context:writeReleaseLintModelMetadata UP-TO-DATE
> Task :react-native-screens:lintVitalAnalyzeRelease UP-TO-DATE
> Task :react-native-screens:writeReleaseLintModelMetadata UP-TO-DATE
> Task :react-native-safe-area-context:generateReleaseLintVitalModel UP-TO-DATE
> Task :react-native-screens:generateReleaseLintVitalModel UP-TO-DATE
> Task :app:optimizeReleaseResources UP-TO-DATE
> Task :app:collectReleaseDependencies UP-TO-DATE
> Task :app:sdkReleaseDependencyData UP-TO-DATE
> Task :app:validateSigningRelease UP-TO-DATE
> Task :app:writeReleaseAppMetadata UP-TO-DATE
> Task :app:writeReleaseSigningConfigVersions UP-TO-DATE
> Task :react-native-safe-area-context:bundleReleaseAar UP-TO-DATE
> Task :react-native-safe-area-context:mapReleaseSourceSetPaths UP-TO-DATE
> Task :react-native-safe-area-context:mergeReleaseResources UP-TO-DATE
> Task :react-native-safe-area-context:verifyReleaseResources UP-TO-DATE
> Task :react-native-safe-area-context:assembleRelease UP-TO-DATE
> Task :react-native-screens:bundleReleaseAar UP-TO-DATE
> Task :react-native-screens:mapReleaseSourceSetPaths UP-TO-DATE
> Task :react-native-screens:mergeReleaseResources UP-TO-DATE
> Task :react-native-screens:verifyReleaseResources UP-TO-DATE
> Task :react-native-screens:assembleRelease UP-TO-DATE
> Task :app:extractReleaseNativeSymbolTables
> Task :app:mergeReleaseNativeDebugMetadata UP-TO-DATE

> Task :app:compileReleaseKotlin
w: file:///home/alisher/projects/logos-chat-android/android/app/src/main/java/com/logoschat/LogosChatPackage.kt:7:8 'interface ReactShadowNode<T : (ReactShadowNode<ReactShadowNode<*>!>..ReactShadowNode<*>?)> : Any' is deprecated. Deprecated in Java.
w: file:///home/alisher/projects/logos-chat-android/android/app/src/main/java/com/logoschat/LogosChatPackage.kt:14:36 'interface ReactShadowNode<T : (ReactShadowNode<ReactShadowNode<*>!>..ReactShadowNode<*>?)> : Any' is deprecated. Deprecated in Java.
w: file:///home/alisher/projects/logos-chat-android/android/app/src/main/java/com/logoschat/LogosChatPackage.kt:16:16 This declaration overrides a deprecated member but is not marked as deprecated itself. Add the '@Deprecated' annotation or suppress the diagnostic.

> Task :app:compileReleaseJavaWithJavac UP-TO-DATE
> Task :app:dexBuilderRelease
> Task :app:mergeReleaseGlobalSynthetics UP-TO-DATE
> Task :app:generateReleaseLintVitalReportModel
> Task :app:processReleaseJavaRes UP-TO-DATE
> Task :app:mergeReleaseJavaResource UP-TO-DATE
> Task :app:lintVitalAnalyzeRelease
> Task :app:lintVitalReportRelease
> Task :app:lintVitalRelease
> Task :app:mergeDexRelease
> Task :app:compileReleaseArtProfile
> Task :app:packageRelease
> Task :app:createReleaseApkListingFileRedirect UP-TO-DATE
> Task :app:assembleRelease

[Incubating] Problems report is available at: file:///home/alisher/projects/logos-chat-android/android/build/reports/problems/problems-report.html

Deprecated Gradle features were used in this build, making it incompatible with Gradle 10.

You can use '--warning-mode all' to show the individual deprecation warnings and determine if they come from your own scripts or plugins.

For more on this, please refer to https://docs.gradle.org/9.3.1/userguide/command_line_interface.html#sec:command_line_warnings in the Gradle documentation.

BUILD SUCCESSFUL in 18s
169 actionable tasks: 30 executed, 139 up-to-date
Consider enabling configuration cache to speed up this build: https://docs.gradle.org/9.3.1/userguide/configuration_cache_enabling.html
